2022-07-19 19:43:46,173 WARN o.a.h.u.Shell [main] Did not find winutils.exe: java.io.FileNotFoundException: java.io.FileNotFoundException: HADOOP_HOME and hadoop.home.dir are unset. -see https://wiki.apache.org/hadoop/WindowsProblems
2022-07-19 19:43:46,195 WARN o.a.h.u.NativeCodeLoader [main] Unable to load native-hadoop library for your platform... using builtin-java classes where applicable
2022-07-19 19:43:58,316 WARN o.a.s.e.ProcfsMetricsGetter [executor-heartbeater] Exception when trying to compute pagesize, as a result reporting of ProcessTree metrics is stopped
2022-07-19 19:51:05,117 WARN o.a.h.u.Shell [main] Did not find winutils.exe: java.io.FileNotFoundException: java.io.FileNotFoundException: HADOOP_HOME and hadoop.home.dir are unset. -see https://wiki.apache.org/hadoop/WindowsProblems
2022-07-19 19:51:05,141 WARN o.a.h.u.NativeCodeLoader [main] Unable to load native-hadoop library for your platform... using builtin-java classes where applicable
2022-07-19 19:51:06,435 WARN o.a.s.u.Utils [main] Service 'SparkUI' could not bind on port 4040. Attempting port 4041.
2022-07-19 19:59:43,111 WARN o.a.h.u.Shell [main] Did not find winutils.exe: java.io.FileNotFoundException: java.io.FileNotFoundException: HADOOP_HOME and hadoop.home.dir are unset. -see https://wiki.apache.org/hadoop/WindowsProblems
2022-07-19 19:59:43,133 WARN o.a.h.u.NativeCodeLoader [main] Unable to load native-hadoop library for your platform... using builtin-java classes where applicable
2022-07-19 19:59:44,540 WARN o.a.s.u.Utils [main] Service 'SparkUI' could not bind on port 4040. Attempting port 4041.
2022-07-19 20:01:54,283 WARN o.a.h.u.Shell [main] Did not find winutils.exe: java.io.FileNotFoundException: java.io.FileNotFoundException: HADOOP_HOME and hadoop.home.dir are unset. -see https://wiki.apache.org/hadoop/WindowsProblems
2022-07-19 20:01:54,308 WARN o.a.h.u.NativeCodeLoader [main] Unable to load native-hadoop library for your platform... using builtin-java classes where applicable
2022-07-19 20:01:55,710 WARN o.a.s.u.Utils [main] Service 'SparkUI' could not bind on port 4040. Attempting port 4041.
2022-07-19 20:02:45,258 WARN o.a.h.u.Shell [main] Did not find winutils.exe: java.io.FileNotFoundException: java.io.FileNotFoundException: HADOOP_HOME and hadoop.home.dir are unset. -see https://wiki.apache.org/hadoop/WindowsProblems
2022-07-19 20:02:45,281 WARN o.a.h.u.NativeCodeLoader [main] Unable to load native-hadoop library for your platform... using builtin-java classes where applicable
2022-07-19 20:02:46,864 WARN o.a.s.u.Utils [main] Service 'SparkUI' could not bind on port 4040. Attempting port 4041.
2022-07-19 20:04:36,345 WARN o.a.h.u.Shell [main] Did not find winutils.exe: java.io.FileNotFoundException: java.io.FileNotFoundException: HADOOP_HOME and hadoop.home.dir are unset. -see https://wiki.apache.org/hadoop/WindowsProblems
2022-07-19 20:04:36,366 WARN o.a.h.u.NativeCodeLoader [main] Unable to load native-hadoop library for your platform... using builtin-java classes where applicable
2022-07-19 20:04:37,659 WARN o.a.s.u.Utils [main] Service 'SparkUI' could not bind on port 4040. Attempting port 4041.
2022-07-19 20:09:15,185 WARN o.a.h.u.Shell [main] Did not find winutils.exe: java.io.FileNotFoundException: java.io.FileNotFoundException: HADOOP_HOME and hadoop.home.dir are unset. -see https://wiki.apache.org/hadoop/WindowsProblems
2022-07-19 20:09:15,219 WARN o.a.h.u.NativeCodeLoader [main] Unable to load native-hadoop library for your platform... using builtin-java classes where applicable
2022-07-19 20:09:16,676 WARN o.a.s.u.Utils [main] Service 'SparkUI' could not bind on port 4040. Attempting port 4041.
2022-07-19 20:21:17,578 WARN o.a.h.u.Shell [main] Did not find winutils.exe: java.io.FileNotFoundException: java.io.FileNotFoundException: HADOOP_HOME and hadoop.home.dir are unset. -see https://wiki.apache.org/hadoop/WindowsProblems
2022-07-19 20:21:17,604 WARN o.a.h.u.NativeCodeLoader [main] Unable to load native-hadoop library for your platform... using builtin-java classes where applicable
2022-07-19 20:21:19,042 WARN o.a.s.u.Utils [main] Service 'SparkUI' could not bind on port 4040. Attempting port 4041.
2022-07-19 21:09:26,823 WARN o.a.h.u.Shell [main] Did not find winutils.exe: java.io.FileNotFoundException: java.io.FileNotFoundException: HADOOP_HOME and hadoop.home.dir are unset. -see https://wiki.apache.org/hadoop/WindowsProblems
2022-07-19 21:09:26,848 WARN o.a.h.u.NativeCodeLoader [main] Unable to load native-hadoop library for your platform... using builtin-java classes where applicable
2022-07-19 21:09:28,456 WARN o.a.s.u.Utils [main] Service 'SparkUI' could not bind on port 4040. Attempting port 4041.
2022-07-19 21:10:11,993 WARN o.a.h.u.Shell [main] Did not find winutils.exe: java.io.FileNotFoundException: java.io.FileNotFoundException: HADOOP_HOME and hadoop.home.dir are unset. -see https://wiki.apache.org/hadoop/WindowsProblems
2022-07-19 21:10:12,013 WARN o.a.h.u.NativeCodeLoader [main] Unable to load native-hadoop library for your platform... using builtin-java classes where applicable
2022-07-19 21:10:13,536 WARN o.a.s.u.Utils [main] Service 'SparkUI' could not bind on port 4040. Attempting port 4041.
2022-07-19 21:10:21,217 ERROR o.a.s.ContextCleaner [Spark Context Cleaner] Error cleaning shuffle 0
java.lang.NullPointerException: null
	at org.apache.spark.MapOutputTrackerMaster.$anonfun$unregisterShuffle$1(MapOutputTracker.scala:882) ~[spark-core_2.13-3.3.0.jar:3.3.0]
	at org.apache.spark.MapOutputTrackerMaster.$anonfun$unregisterShuffle$1$adapted(MapOutputTracker.scala:881) ~[spark-core_2.13-3.3.0.jar:3.3.0]
	at scala.Option.foreach(Option.scala:437) ~[scala-library-2.13.8.jar:?]
	at org.apache.spark.MapOutputTrackerMaster.unregisterShuffle(MapOutputTracker.scala:881) ~[spark-core_2.13-3.3.0.jar:3.3.0]
	at org.apache.spark.ContextCleaner.doCleanupShuffle(ContextCleaner.scala:241) ~[spark-core_2.13-3.3.0.jar:3.3.0]
	at org.apache.spark.ContextCleaner.$anonfun$keepCleaning$3(ContextCleaner.scala:202) ~[spark-core_2.13-3.3.0.jar:3.3.0]
	at org.apache.spark.ContextCleaner.$anonfun$keepCleaning$3$adapted(ContextCleaner.scala:195) ~[spark-core_2.13-3.3.0.jar:3.3.0]
	at scala.Option.foreach(Option.scala:437) ~[scala-library-2.13.8.jar:?]
	at org.apache.spark.ContextCleaner.$anonfun$keepCleaning$1(ContextCleaner.scala:195) ~[spark-core_2.13-3.3.0.jar:3.3.0]
	at org.apache.spark.util.Utils$.tryOrStopSparkContext(Utils.scala:1446) ~[spark-core_2.13-3.3.0.jar:3.3.0]
	at org.apache.spark.ContextCleaner.org$apache$spark$ContextCleaner$$keepCleaning(ContextCleaner.scala:189) ~[spark-core_2.13-3.3.0.jar:3.3.0]
	at org.apache.spark.ContextCleaner$$anon$1.run(ContextCleaner.scala:79) ~[spark-core_2.13-3.3.0.jar:3.3.0]
2022-07-19 21:10:55,618 WARN o.a.h.u.Shell [main] Did not find winutils.exe: java.io.FileNotFoundException: java.io.FileNotFoundException: HADOOP_HOME and hadoop.home.dir are unset. -see https://wiki.apache.org/hadoop/WindowsProblems
2022-07-19 21:10:55,640 WARN o.a.h.u.NativeCodeLoader [main] Unable to load native-hadoop library for your platform... using builtin-java classes where applicable
2022-07-19 21:10:56,993 WARN o.a.s.u.Utils [main] Service 'SparkUI' could not bind on port 4040. Attempting port 4041.
2022-07-19 21:11:25,028 WARN o.a.h.u.Shell [main] Did not find winutils.exe: java.io.FileNotFoundException: java.io.FileNotFoundException: HADOOP_HOME and hadoop.home.dir are unset. -see https://wiki.apache.org/hadoop/WindowsProblems
2022-07-19 21:11:25,050 WARN o.a.h.u.NativeCodeLoader [main] Unable to load native-hadoop library for your platform... using builtin-java classes where applicable
2022-07-19 21:11:26,420 WARN o.a.s.u.Utils [main] Service 'SparkUI' could not bind on port 4040. Attempting port 4041.
2022-07-19 21:11:47,874 WARN o.a.h.u.Shell [main] Did not find winutils.exe: java.io.FileNotFoundException: java.io.FileNotFoundException: HADOOP_HOME and hadoop.home.dir are unset. -see https://wiki.apache.org/hadoop/WindowsProblems
2022-07-19 21:11:47,906 WARN o.a.h.u.NativeCodeLoader [main] Unable to load native-hadoop library for your platform... using builtin-java classes where applicable
2022-07-19 21:11:49,341 WARN o.a.s.u.Utils [main] Service 'SparkUI' could not bind on port 4040. Attempting port 4041.
2022-07-19 21:14:10,068 WARN o.a.h.u.Shell [main] Did not find winutils.exe: java.io.FileNotFoundException: java.io.FileNotFoundException: HADOOP_HOME and hadoop.home.dir are unset. -see https://wiki.apache.org/hadoop/WindowsProblems
2022-07-19 21:14:10,094 WARN o.a.h.u.NativeCodeLoader [main] Unable to load native-hadoop library for your platform... using builtin-java classes where applicable
2022-07-19 21:14:11,586 WARN o.a.s.u.Utils [main] Service 'SparkUI' could not bind on port 4040. Attempting port 4041.
2022-07-19 21:18:31,913 WARN o.a.h.u.Shell [main] Did not find winutils.exe: java.io.FileNotFoundException: java.io.FileNotFoundException: HADOOP_HOME and hadoop.home.dir are unset. -see https://wiki.apache.org/hadoop/WindowsProblems
2022-07-19 21:18:31,937 WARN o.a.h.u.NativeCodeLoader [main] Unable to load native-hadoop library for your platform... using builtin-java classes where applicable
2022-07-19 21:18:33,381 WARN o.a.s.u.Utils [main] Service 'SparkUI' could not bind on port 4040. Attempting port 4041.
2022-07-19 21:19:50,303 WARN o.a.h.u.Shell [main] Did not find winutils.exe: java.io.FileNotFoundException: java.io.FileNotFoundException: HADOOP_HOME and hadoop.home.dir are unset. -see https://wiki.apache.org/hadoop/WindowsProblems
2022-07-19 21:19:50,326 WARN o.a.h.u.NativeCodeLoader [main] Unable to load native-hadoop library for your platform... using builtin-java classes where applicable
2022-07-19 21:19:51,607 WARN o.a.s.u.Utils [main] Service 'SparkUI' could not bind on port 4040. Attempting port 4041.
2022-07-19 21:20:29,416 WARN o.a.h.u.Shell [main] Did not find winutils.exe: java.io.FileNotFoundException: java.io.FileNotFoundException: HADOOP_HOME and hadoop.home.dir are unset. -see https://wiki.apache.org/hadoop/WindowsProblems
2022-07-19 21:20:29,450 WARN o.a.h.u.NativeCodeLoader [main] Unable to load native-hadoop library for your platform... using builtin-java classes where applicable
2022-07-19 21:20:30,820 WARN o.a.s.u.Utils [main] Service 'SparkUI' could not bind on port 4040. Attempting port 4041.
